<?xml version="1.0" encoding="UTF-8"?>
<testsuite xmlns:xsi="http://www.w3.org/2001/XMLSchema-instance" xsi:noNamespaceSchemaLocation="https://maven.apache.org/surefire/maven-surefire-plugin/xsd/surefire-test-report.xsd" name="com.xyz.exchange.core.service.DoubleParserTest" time="3.734" tests="8" errors="0" skipped="0" failures="0">
  <properties>
[...]
</properties>
  <testcase name="whenInputIsNull_thenThrowConversionException" classname="com.xyz.exchange.core.service.DoubleParserTest" time="0.318"/>
  <testcase name="whenInputContainsMinusSign_thenThrowConversionException" classname="com.xyz.exchange.core.service.DoubleParserTest" time="0.289"/>
  <testcase name="whenInputIsEmpty_thenThrowConversionException" classname="com.xyz.exchange.core.service.DoubleParserTest" time="0.288"/>
  <testcase name="whenInputContainsPeriodButNoDecimalFraction_thenAccept" classname="com.xyz.exchange.core.service.DoubleParserTest" time="0.318"/>
  <testcase name="whenInputIsNegative_thenThrowConversionException" classname="com.xyz.exchange.core.service.DoubleParserTest" time="0.279"/>
  <testcase name="whenInputContainsDecimalFraction_thenThrowConversionException" classname="com.xyz.exchange.core.service.DoubleParserTest" time="0.298"/>
  <testcase name="whenInputContainsOnlyDigits_thenAccept" classname="com.xyz.exchange.core.service.DoubleParserTest" time="0.307"/>
  <testcase name="whenInputContainsNonDigits_thenThrowConversionException" classname="com.xyz.exchange.core.service.DoubleParserTest" time="0.281"/>
</testsuite>